\BOOKMARK [0][-]{chapter.1}{\376\377\000I\000n\000t\000r\000o\000d\000u\000z\000i\000o\000n\000e}{}% 1
\BOOKMARK [1][-]{section.1.1}{\376\377\000D\000i\000s\000p\000o\000s\000i\000t\000i\000v\000i\000\040\000I\000n\000d\000o\000s\000s\000a\000b\000i\000l\000i}{chapter.1}% 2
\BOOKMARK [1][-]{section.1.2}{\376\377\000H\000a\000r\000v\000e\000s\000t\000i\000n\000g\000\040\000E\000n\000e\000r\000g\000e\000t\000i\000c\000o}{chapter.1}% 3
\BOOKMARK [1][-]{section.1.3}{\376\377\000A\000p\000l\000l\000i\000c\000a\000z\000i\000o\000n\000i\000\040\000H\000a\000r\000v\000e\000s\000t\000e\000r\000\040\000E\000n\000e\000r\000g\000e\000t\000i\000c\000i}{chapter.1}% 4
\BOOKMARK [0][-]{chapter.2}{\376\377\000M\000e\000t\000o\000d\000i\000\040\000H\000a\000r\000v\000e\000s\000t\000i\000n\000g\000\040\000E\000n\000e\000r\000g\000e\000t\000i\000c\000o}{}% 5
\BOOKMARK [1][-]{section.2.1}{\376\377\000S\000o\000r\000g\000e\000n\000t\000i\000\040\000C\000o\000r\000p\000o\000r\000e\000e}{chapter.2}% 6
\BOOKMARK [2][-]{subsection.2.1.1}{\376\377\000G\000e\000n\000e\000r\000a\000t\000o\000r\000i\000\040\000T\000r\000i\000b\000o\000e\000l\000e\000t\000t\000r\000i\000c\000i}{section.2.1}% 7
\BOOKMARK [2][-]{subsection.2.1.2}{\376\377\000G\000e\000n\000e\000r\000a\000t\000o\000r\000i\000\040\000P\000i\000e\000z\000o\000e\000l\000e\000t\000t\000r\000i\000c\000i}{section.2.1}% 8
\BOOKMARK [2][-]{subsection.2.1.3}{\376\377\000G\000e\000n\000e\000r\000a\000t\000o\000r\000i\000\040\000T\000e\000r\000m\000o\000e\000l\000e\000t\000t\000r\000i\000c\000i}{section.2.1}% 9
\BOOKMARK [2][-]{subsection.2.1.4}{\376\377\000G\000e\000n\000e\000r\000a\000t\000o\000r\000i\000\040\000E\000l\000e\000t\000t\000r\000o\000s\000t\000a\000t\000i\000c\000i}{section.2.1}% 10
\BOOKMARK [2][-]{subsection.2.1.5}{\376\377\000G\000e\000n\000e\000r\000a\000t\000o\000r\000i\000\040\000E\000l\000e\000t\000t\000r\000o\000m\000a\000g\000n\000e\000t\000i\000c\000i}{section.2.1}% 11
\BOOKMARK [2][-]{subsection.2.1.6}{\376\377\000C\000e\000l\000l\000e\000\040\000a\000\040\000B\000i\000o\000c\000o\000m\000b\000u\000s\000t\000i\000b\000i\000l\000i}{section.2.1}% 12
\BOOKMARK [2][-]{subsection.2.1.7}{\376\377\000G\000e\000n\000e\000r\000a\000t\000o\000r\000i\000\040\000I\000g\000r\000o\000e\000l\000e\000t\000t\000r\000i\000c\000i}{section.2.1}% 13
\BOOKMARK [1][-]{section.2.2}{\376\377\000S\000o\000r\000g\000e\000n\000t\000i\000\040\000A\000m\000b\000i\000e\000n\000t\000a\000l\000i}{chapter.2}% 14
\BOOKMARK [2][-]{subsection.2.2.1}{\376\377\000G\000e\000n\000e\000r\000a\000t\000o\000r\000i\000\040\000F\000o\000t\000o\000v\000o\000l\000t\000a\000i\000c\000i}{section.2.2}% 15
\BOOKMARK [2][-]{subsection.2.2.2}{\376\377\000G\000e\000n\000e\000r\000a\000t\000o\000r\000i\000\040\000a\000\040\000R\000a\000d\000i\000o\000f\000r\000e\000q\000u\000e\000n\000z\000a\000\040\000\050\000R\000F\000\051}{section.2.2}% 16
\BOOKMARK [1][-]{section.2.3}{\376\377\000G\000e\000n\000e\000r\000a\000t\000o\000r\000i\000\040\000I\000b\000r\000i\000d\000i}{chapter.2}% 17
\BOOKMARK [0][-]{chapter.3}{\376\377\000E\000s\000e\000m\000p\000i\000o}{}% 18
\BOOKMARK [1][-]{section.3.1}{\376\377\000G\000e\000n\000e\000r\000a\000t\000o\000r\000i}{chapter.3}% 19
\BOOKMARK [2][-]{subsection.3.1.1}{\376\377\000G\000e\000n\000e\000r\000a\000t\000o\000r\000e\000\040\000T\000r\000i\000b\000o\000e\000l\000e\000t\000t\000r\000i\000c\000o}{section.3.1}% 20
\BOOKMARK [2][-]{subsection.3.1.2}{\376\377\000G\000e\000n\000e\000r\000a\000t\000o\000r\000e\000\040\000a\000\040\000R\000a\000d\000i\000o\000f\000r\000e\000q\000u\000e\000n\000z\000a}{section.3.1}% 21
\BOOKMARK [1][-]{section.3.2}{\376\377\000I\000n\000t\000e\000g\000r\000a\000z\000i\000o\000n\000e}{chapter.3}% 22
\BOOKMARK [2][-]{subsection.3.2.1}{\376\377\000M\000P\000P\000T}{section.3.2}% 23
\BOOKMARK [2][-]{subsection.3.2.2}{\376\377\000U\000V\000L\000O}{section.3.2}% 24
\BOOKMARK [2][-]{subsection.3.2.3}{\376\377\000P\000r\000o\000t\000e\000z\000i\000o\000n\000e\000\040\000d\000i\000\040\000C\000a\000r\000i\000c\000a}{section.3.2}% 25
\BOOKMARK [2][-]{subsection.3.2.4}{\376\377\000I\000n\000t\000e\000g\000r\000a\000z\000i\000o\000n\000e}{section.3.2}% 26
